# JRE version: Java(TM) SE Runtime Environment (8.0_161-b12) (build 1.8.0_161-b12)
# Java VM: Java HotSpot(TM) 64-Bit Server VM (25.161-b12 mixed mode linux-amd64 compressed oops)
Heap:
 PSYoungGen      total 36864K, used 31140K [0x00000000d6f80000, 0x00000000db780000, 0x0000000100000000)
  eden space 31744K, 98% used [0x00000000d6f80000,0x00000000d8de91e8,0x00000000d8e80000)
  from space 5120K, 0% used [0x00000000d8e80000,0x00000000d8e80000,0x00000000d9380000)
  to   space 5120K, 0% used [0x00000000db280000,0x00000000db280000,0x00000000db780000)
 ParOldGen       total 183296K, used 135231K [0x0000000084e00000, 0x0000000090100000, 0x00000000d6f80000)
  object space 183296K, 73% used [0x0000000084e00000,0x000000008d20ffb0,0x0000000090100000)
 Metaspace       used 24937K, capacity 26960K, committed 27264K, reserved 1073152K
  class space    used 3465K, capacity 3648K, committed 3712K, reserved 1048576K
GC Heap History (8 events):
Event: 1,308 GC heap before
{Heap before GC invocations=1 (full 0):
 PSYoungGen      total 36864K, used 31744K [0x00000000d6f80000, 0x00000000d9880000, 0x0000000100000000)
  eden space 31744K, 100% used [0x00000000d6f80000,0x00000000d8e80000,0x00000000d8e80000)
  from space 5120K, 0% used [0x00000000d9380000,0x00000000d9380000,0x00000000d9880000)
  to   space 5120K, 0% used [0x00000000d8e80000,0x00000000d8e80000,0x00000000d9380000)
 ParOldGen       total 84992K, used 0K [0x0000000084e00000, 0x000000008a100000, 0x00000000d6f80000)
  object space 84992K, 0% used [0x0000000084e00000,0x0000000084e00000,0x000000008a100000)
 Metaspace       used 12512K, capacity 12704K, committed 12928K, reserved 1060864K
  class space    used 1501K, capacity 1572K, committed 1664K, reserved 1048576K
Event: 1,315 GC heap after
Heap after GC invocations=1 (full 0):
 PSYoungGen      total 36864K, used 5016K [0x00000000d6f80000, 0x00000000d9880000, 0x0000000100000000)
  eden space 31744K, 0% used [0x00000000d6f80000,0x00000000d6f80000,0x00000000d8e80000)
  from space 5120K, 97% used [0x00000000d8e80000,0x00000000d93660f8,0x00000000d9380000)
  to   space 5120K, 0% used [0x00000000d9380000,0x00000000d9380000,0x00000000d9880000)
 ParOldGen       total 84992K, used 72K [0x0000000084e00000, 0x000000008a100000, 0x00000000d6f80000)
  object space 84992K, 0% used [0x0000000084e00000,0x0000000084e12010,0x000000008a100000)
 Metaspace       used 12512K, capacity 12704K, committed 12928K, reserved 1060864K
  class space    used 1501K, capacity 1572K, committed 1664K, reserved 1048576K
}
Event: 2,178 GC heap before
{Heap before GC invocations=2 (full 0):
 PSYoungGen      total 36864K, used 36760K [0x00000000d6f80000, 0x00000000d9880000, 0x0000000100000000)
  eden space 31744K, 100% used [0x00000000d6f80000,0x00000000d8e80000,0x00000000d8e80000)
  from space 5120K, 97% used [0x00000000d8e80000,0x00000000d93660f8,0x00000000d9380000)
  to   space 5120K, 0% used [0x00000000d9380000,0x00000000d9380000,0x00000000d9880000)
 ParOldGen       total 84992K, used 72K [0x0000000084e00000, 0x000000008a100000, 0x00000000d6f80000)
  object space 84992K, 0% used [0x0000000084e00000,0x0000000084e12010,0x000000008a100000)
 Metaspace       used 19116K, capacity 19916K, committed 20224K, reserved 1067008K
  class space    used 2648K, capacity 2756K, committed 2816K, reserved 1048576K
Event: 2,189 GC heap after
Heap after GC invocations=2 (full 0):
 PSYoungGen      total 36864K, used 5101K [0x00000000d6f80000, 0x00000000d9880000, 0x0000000100000000)
  eden space 31744K, 0% used [0x00000000d6f80000,0x00000000d6f80000,0x00000000d8e80000)
  from space 5120K, 99% used [0x00000000d9380000,0x00000000d987b470,0x00000000d9880000)
  to   space 5120K, 0% used [0x00000000d8e80000,0x00000000d8e80000,0x00000000d9380000)
 ParOldGen       total 84992K, used 2451K [0x0000000084e00000, 0x000000008a100000, 0x00000000d6f80000)
  object space 84992K, 2% used [0x0000000084e00000,0x0000000085064fb0,0x000000008a100000)
 Metaspace       used 19116K, capacity 19916K, committed 20224K, reserved 1067008K
  class space    used 2648K, capacity 2756K, committed 2816K, reserved 1048576K
}
Event: 2,386 GC heap before
{Heap before GC invocations=3 (full 0):
 PSYoungGen      total 36864K, used 12191K [0x00000000d6f80000, 0x00000000d9880000, 0x0000000100000000)
  eden space 31744K, 22% used [0x00000000d6f80000,0x00000000d766c900,0x00000000d8e80000)
  from space 5120K, 99% used [0x00000000d9380000,0x00000000d987b470,0x00000000d9880000)
  to   space 5120K, 0% used [0x00000000d8e80000,0x00000000d8e80000,0x00000000d9380000)
 ParOldGen       total 84992K, used 2451K [0x0000000084e00000, 0x000000008a100000, 0x00000000d6f80000)
  object space 84992K, 2% used [0x0000000084e00000,0x0000000085064fb0,0x000000008a100000)
 Metaspace       used 20062K, capacity 21124K, committed 21248K, reserved 1067008K
  class space    used 2798K, capacity 2959K, committed 3072K, reserved 1048576K
Event: 2,398 GC heap after
Heap after GC invocations=3 (full 0):
 PSYoungGen      total 36864K, used 4215K [0x00000000d6f80000, 0x00000000db780000, 0x0000000100000000)
  eden space 31744K, 0% used [0x00000000d6f80000,0x00000000d6f80000,0x00000000d8e80000)
  from space 5120K, 82% used [0x00000000d8e80000,0x00000000d929dec0,0x00000000d9380000)
  to   space 5120K, 0% used [0x00000000db280000,0x00000000db280000,0x00000000db780000)
 ParOldGen       total 84992K, used 2459K [0x0000000084e00000, 0x000000008a100000, 0x00000000d6f80000)
  object space 84992K, 2% used [0x0000000084e00000,0x0000000085066fb0,0x000000008a100000)
 Metaspace       used 20062K, capacity 21124K, committed 21248K, reserved 1067008K
  class space    used 2798K, capacity 2959K, committed 3072K, reserved 1048576K
}
Event: 2,398 GC heap before
{Heap before GC invocations=4 (full 1):
 PSYoungGen      total 36864K, used 4215K [0x00000000d6f80000, 0x00000000db780000, 0x0000000100000000)
  eden space 31744K, 0% used [0x00000000d6f80000,0x00000000d6f80000,0x00000000d8e80000)
  from space 5120K, 82% used [0x00000000d8e80000,0x00000000d929dec0,0x00000000d9380000)
  to   space 5120K, 0% used [0x00000000db280000,0x00000000db280000,0x00000000db780000)
 ParOldGen       total 84992K, used 2459K [0x0000000084e00000, 0x000000008a100000, 0x00000000d6f80000)
  object space 84992K, 2% used [0x0000000084e00000,0x0000000085066fb0,0x000000008a100000)
 Metaspace       used 20062K, capacity 21124K, committed 21248K, reserved 1067008K
  class space    used 2798K, capacity 2959K, committed 3072K, reserved 1048576K
Event: 2,439 GC heap after
Heap after GC invocations=4 (full 1):
 PSYoungGen      total 36864K, used 0K [0x00000000d6f80000, 0x00000000db780000, 0x0000000100000000)
  eden space 31744K, 0% used [0x00000000d6f80000,0x00000000d6f80000,0x00000000d8e80000)
  from space 5120K, 0% used [0x00000000d8e80000,0x00000000d8e80000,0x00000000d9380000)
  to   space 5120K, 0% used [0x00000000db280000,0x00000000db280000,0x00000000db780000)
 ParOldGen       total 51712K, used 4159K [0x0000000084e00000, 0x0000000088080000, 0x00000000d6f80000)
  object space 51712K, 8% used [0x0000000084e00000,0x000000008520ffa0,0x0000000088080000)
 Metaspace       used 20062K, capacity 21124K, committed 21248K, reserved 1067008K
  class space    used 2798K, capacity 2959K, committed 3072K, reserved 1048576K
}

